-------------------------------
{
    "model_class": "FeedForwardNN",
    "n_epochs": 10,
    "batch_size": 300,
    "learning_rate": 0.0001,
    "embedding_dim": 64,
    "hidden_size": 64,
    "num_layers": 1
}
-------------------------------
Model has 520,323 parameters.
-------------------------------
Epoch-1, avg loss per example in epoch 1.0938804502744932
Epoch-2, avg loss per example in epoch 1.0936001810788187
Epoch-3, avg loss per example in epoch 1.0928051050841578
Epoch-4, avg loss per example in epoch 1.093723351909387
Epoch-5, avg loss per example in epoch 1.0934185767449927
Epoch-6, avg loss per example in epoch 1.0933491333479126
Epoch-7, avg loss per example in epoch 1.0931754258792834
Epoch-8, avg loss per example in epoch 1.0930602556029803
Epoch-9, avg loss per example in epoch 1.0933820687665903
Epoch-10, avg loss per example in epoch 1.0928948267638454
-------------------------------
Training took 39.99695682525635 seconds.
-------------------------------
[train] Loss: 1.104742835810746, Accuracy: 0.3271042471042471, F1-macro: 0.18347514668085116
[dev]   Loss: 1.1019991521368322, Accuracy: 0.33298969072164947, F1-macro: 0.18760347107597986
